<?xml version="1.0" encoding="UTF-8"?>
<!-- Generated by org.testng.reporters.JUnitXMLReporter -->
<testsuite hostname="PC201905211325" ignored="0" name="Default test" tests="2" failures="2" timestamp="2020-07-08T17:34:00 CST" time="8.768" errors="0">
  <testcase name="f" time="4.999" classname="Test3.NewTest">
    <failure type="org.openqa.selenium.NoSuchWindowException" message="no such window: target window already closed
from unknown error: web view not found
  (Session info: chrome=83.0.4103.61)
Build info: version: &amp;apos;unknown&amp;apos;, revision: &amp;apos;unknown&amp;apos;, time: &amp;apos;unknown&amp;apos;
System info: host: &amp;apos;PC201905211325&amp;apos;, ip: &amp;apos;192.168.10.164&amp;apos;, os.name: &amp;apos;Windows 10&amp;apos;, os.arch: &amp;apos;amd64&amp;apos;, os.version: &amp;apos;10.0&amp;apos;, java.version: &amp;apos;1.8.0_131&amp;apos;
Driver info: org.openqa.selenium.chrome.ChromeDriver
Capabilities [{networkConnectionEnabled=false, chrome={chromedriverVersion=83.0.4103.39 (ccbf011cb2d2b19b506d844400483861342c20cd-refs/branch-heads/4103@{#416}), userDataDir=C:\Users\ADMINI~1\AppData\Local\Temp\scoped_dir485556_696416904}, timeouts={implicit=0.0, pageLoad=300000.0, script=30000.0}, pageLoadStrategy=normal, unhandledPromptBehavior=dismiss and notify, strictFileInteractability=false, platform=ANY, proxy=Proxy(), goog:chromeOptions={debuggerAddress=localhost:60320}, acceptInsecureCerts=false, browserVersion=83.0.4103.61, browserName=chrome, javascriptEnabled=true, platformName=windows, setWindowRect=true, webauthn:virtualAuthenticators=true}]
Session ID: 18c76361f7d3e0b961edec12df3f8e69">
      <![CDATA[org.openqa.selenium.NoSuchWindowException: no such window: target window already closed
from unknown error: web view not found
  (Session info: chrome=83.0.4103.61)
Build info: version: 'unknown', revision: 'unknown', time: 'unknown'
System info: host: 'PC201905211325', ip: '192.168.10.164', os.name: 'Windows 10', os.arch: 'amd64', os.version: '10.0', java.version: '1.8.0_131'
Driver info: org.openqa.selenium.chrome.ChromeDriver
Capabilities [{networkConnectionEnabled=false, chrome={chromedriverVersion=83.0.4103.39 (ccbf011cb2d2b19b506d844400483861342c20cd-refs/branch-heads/4103@{#416}), userDataDir=C:\Users\ADMINI~1\AppData\Local\Temp\scoped_dir485556_696416904}, timeouts={implicit=0.0, pageLoad=300000.0, script=30000.0}, pageLoadStrategy=normal, unhandledPromptBehavior=dismiss and notify, strictFileInteractability=false, platform=ANY, proxy=Proxy(), goog:chromeOptions={debuggerAddress=localhost:60320}, acceptInsecureCerts=false, browserVersion=83.0.4103.61, browserName=chrome, javascriptEnabled=true, platformName=windows, setWindowRect=true, webauthn:virtualAuthenticators=true}]
Session ID: 18c76361f7d3e0b961edec12df3f8e69
at sun.reflect.NativeConstructorAccessorImpl.newInstance0(Native Method)
at sun.reflect.NativeConstructorAccessorImpl.newInstance(Unknown Source)
at sun.reflect.DelegatingConstructorAccessorImpl.newInstance(Unknown Source)
at java.lang.reflect.Constructor.newInstance(Unknown Source)
at org.openqa.selenium.remote.http.W3CHttpResponseCodec.createException(W3CHttpResponseCodec.java:150)
at org.openqa.selenium.remote.http.W3CHttpResponseCodec.decode(W3CHttpResponseCodec.java:115)
at org.openqa.selenium.remote.http.W3CHttpResponseCodec.decode(W3CHttpResponseCodec.java:45)
at org.openqa.selenium.remote.HttpCommandExecutor.execute(HttpCommandExecutor.java:164)
at org.openqa.selenium.remote.service.DriverCommandExecutor.execute(DriverCommandExecutor.java:82)
at org.openqa.selenium.remote.RemoteWebDriver.execute(RemoteWebDriver.java:637)
at org.openqa.selenium.remote.RemoteWebDriver.execute(RemoteWebDriver.java:694)
at org.openqa.selenium.remote.RemoteWebDriver$RemoteWebDriverOptions$RemoteWindow.maximize(RemoteWebDriver.java:925)
at Test3.Test003.tec1(Test003.java:13)
at Test3.NewTest.f(NewTest.java:10)
at sun.reflect.NativeMethodAccessorImpl.invoke0(Native Method)
at sun.reflect.NativeMethodAccessorImpl.invoke(Unknown Source)
at sun.reflect.DelegatingMethodAccessorImpl.invoke(Unknown Source)
at java.lang.reflect.Method.invoke(Unknown Source)
at org.testng.internal.MethodInvocationHelper.invokeMethod(MethodInvocationHelper.java:133)
at org.testng.internal.TestInvoker.invokeMethod(TestInvoker.java:584)
at org.testng.internal.TestInvoker.invokeTestMethod(TestInvoker.java:172)
at org.testng.internal.MethodRunner.runInSequence(MethodRunner.java:46)
at org.testng.internal.TestInvoker$MethodInvocationAgent.invoke(TestInvoker.java:804)
at org.testng.internal.TestInvoker.invokeTestMethods(TestInvoker.java:145)
at org.testng.internal.TestMethodWorker.invokeTestMethods(TestMethodWorker.java:146)
at org.testng.internal.TestMethodWorker.run(TestMethodWorker.java:128)
at java.util.ArrayList.forEach(Unknown Source)
at org.testng.TestRunner.privateRun(TestRunner.java:770)
at org.testng.TestRunner.run(TestRunner.java:591)
at org.testng.SuiteRunner.runTest(SuiteRunner.java:402)
at org.testng.SuiteRunner.runSequentially(SuiteRunner.java:396)
at org.testng.SuiteRunner.privateRun(SuiteRunner.java:355)
at org.testng.SuiteRunner.run(SuiteRunner.java:304)
at org.testng.SuiteRunnerWorker.runSuite(SuiteRunnerWorker.java:53)
at org.testng.SuiteRunnerWorker.run(SuiteRunnerWorker.java:96)
at org.testng.TestNG.runSuitesSequentially(TestNG.java:1180)
at org.testng.TestNG.runSuitesLocally(TestNG.java:1102)
at org.testng.TestNG.runSuites(TestNG.java:1032)
at org.testng.TestNG.run(TestNG.java:1000)
at org.testng.remote.AbstractRemoteTestNG.run(AbstractRemoteTestNG.java:115)
at org.testng.remote.RemoteTestNG.initAndRun(RemoteTestNG.java:251)
at org.testng.remote.RemoteTestNG.main(RemoteTestNG.java:77)
]]>
    </failure>
  </testcase> <!-- f -->
  <testcase name="g" time="3.692" classname="Test3.NewTest">
    <failure type="org.openqa.selenium.SessionNotCreatedException" message="session not created
from disconnected: received Inspector.detached event
  (Session info: chrome=83.0.4103.61)
Build info: version: &amp;apos;unknown&amp;apos;, revision: &amp;apos;unknown&amp;apos;, time: &amp;apos;unknown&amp;apos;
System info: host: &amp;apos;PC201905211325&amp;apos;, ip: &amp;apos;192.168.10.164&amp;apos;, os.name: &amp;apos;Windows 10&amp;apos;, os.arch: &amp;apos;amd64&amp;apos;, os.version: &amp;apos;10.0&amp;apos;, java.version: &amp;apos;1.8.0_131&amp;apos;
Driver info: driver.version: ChromeDriver
remote stacktrace: Backtrace:
	Ordinal0 [0x00CE9563+2725219]
	Ordinal0 [0x00BE8551+1672529]
	Ordinal0 [0x00AD0359+525145]
	Ordinal0 [0x00AC8579+492921]
	Ordinal0 [0x00AC818C+491916]
	Ordinal0 [0x00AC7AB8+490168]
	Ordinal0 [0x00AC6EFE+487166]
	Ordinal0 [0x00AC7135+487733]
	Ordinal0 [0x00AC6B75+486261]
	Ordinal0 [0x00ACF055+520277]
	Ordinal0 [0x00AC6B32+486194]
	Ordinal0 [0x00AC7739+489273]
	Ordinal0 [0x00AC6EFE+487166]
	Ordinal0 [0x00AC7135+487733]
	Ordinal0 [0x00AC6B75+486261]
	Ordinal0 [0x00ACD83E+514110]
	Ordinal0 [0x00AC6B32+486194]
	Ordinal0 [0x00AC7739+489273]
	Ordinal0 [0x00AC6EFE+487166]
	Ordinal0 [0x00AC7135+487733]
	Ordinal0 [0x00AC6B75+486261]
	Ordinal0 [0x00ACBBF6+506870]
	Ordinal0 [0x00AC6B32+486194]
	Ordinal0 [0x00AC7739+489273]
	Ordinal0 [0x00AC6EFE+487166]
	Ordinal0 [0x00AC7135+487733]
	Ordinal0 [0x00AC6B75+486261]
	Ordinal0 [0x00ACB1B7+504247]
	Ordinal0 [0x00AC6B32+486194]
	Ordinal0 [0x00AC7739+489273]
	Ordinal0 [0x00AC6EFE+487166]
	Ordinal0 [0x00AC7135+487733]
	Ordinal0 [0x00AC6B75+486261]
	Ordinal0 [0x00AC337C+471932]
	Ordinal0 [0x00AC6B32+486194]
	Ordinal0 [0x00AC6A87+486023]
	Ordinal0 [0x00AD0FF0+528368]
	Ordinal0 [0x00A7D6C9+186057]
	Ordinal0 [0x00A7CA3D+182845]
	Ordinal0 [0x00A7A94B+174411]
	Ordinal0 [0x00A62528+75048]
	Ordinal0 [0x00A635A0+79264]
	Ordinal0 [0x00A63539+79161]
	Ordinal0 [0x00BFD607+1758727]
	GetHandleVerifier [0x00E06546+1050150]
	GetHandleVerifier [0x00E06291+1049457]
	GetHandleVerifier [0x00E110D7+1094071]
	GetHandleVerifier [0x00E06B46+1051686]
	Ordinal0 [0x00BF5B06+1727238]
	Ordinal0 [0x00BFEB7B+1764219]
	Ordinal0 [0x00BFECE3+1764579]
	Ordinal0 [0x00C14C05+1854469]
	BaseThreadInitThunk [0x77140419+25]
	RtlGetAppContainerNamedObjectPath [0x77CB662D+237]
	RtlGetAppContainerNamedObjectPath [0x77CB65FD+189]
">
      <![CDATA[org.openqa.selenium.SessionNotCreatedException: session not created
from disconnected: received Inspector.detached event
  (Session info: chrome=83.0.4103.61)
Build info: version: 'unknown', revision: 'unknown', time: 'unknown'
System info: host: 'PC201905211325', ip: '192.168.10.164', os.name: 'Windows 10', os.arch: 'amd64', os.version: '10.0', java.version: '1.8.0_131'
Driver info: driver.version: ChromeDriver
remote stacktrace: Backtrace:
Ordinal0 [0x00CE9563+2725219]
Ordinal0 [0x00BE8551+1672529]
Ordinal0 [0x00AD0359+525145]
Ordinal0 [0x00AC8579+492921]
Ordinal0 [0x00AC818C+491916]
Ordinal0 [0x00AC7AB8+490168]
Ordinal0 [0x00AC6EFE+487166]
Ordinal0 [0x00AC7135+487733]
Ordinal0 [0x00AC6B75+486261]
Ordinal0 [0x00ACF055+520277]
Ordinal0 [0x00AC6B32+486194]
Ordinal0 [0x00AC7739+489273]
Ordinal0 [0x00AC6EFE+487166]
Ordinal0 [0x00AC7135+487733]
Ordinal0 [0x00AC6B75+486261]
Ordinal0 [0x00ACD83E+514110]
Ordinal0 [0x00AC6B32+486194]
Ordinal0 [0x00AC7739+489273]
Ordinal0 [0x00AC6EFE+487166]
Ordinal0 [0x00AC7135+487733]
Ordinal0 [0x00AC6B75+486261]
Ordinal0 [0x00ACBBF6+506870]
Ordinal0 [0x00AC6B32+486194]
Ordinal0 [0x00AC7739+489273]
Ordinal0 [0x00AC6EFE+487166]
Ordinal0 [0x00AC7135+487733]
Ordinal0 [0x00AC6B75+486261]
Ordinal0 [0x00ACB1B7+504247]
Ordinal0 [0x00AC6B32+486194]
Ordinal0 [0x00AC7739+489273]
Ordinal0 [0x00AC6EFE+487166]
Ordinal0 [0x00AC7135+487733]
Ordinal0 [0x00AC6B75+486261]
Ordinal0 [0x00AC337C+471932]
Ordinal0 [0x00AC6B32+486194]
Ordinal0 [0x00AC6A87+486023]
Ordinal0 [0x00AD0FF0+528368]
Ordinal0 [0x00A7D6C9+186057]
Ordinal0 [0x00A7CA3D+182845]
Ordinal0 [0x00A7A94B+174411]
Ordinal0 [0x00A62528+75048]
Ordinal0 [0x00A635A0+79264]
Ordinal0 [0x00A63539+79161]
Ordinal0 [0x00BFD607+1758727]
GetHandleVerifier [0x00E06546+1050150]
GetHandleVerifier [0x00E06291+1049457]
GetHandleVerifier [0x00E110D7+1094071]
GetHandleVerifier [0x00E06B46+1051686]
Ordinal0 [0x00BF5B06+1727238]
Ordinal0 [0x00BFEB7B+1764219]
Ordinal0 [0x00BFECE3+1764579]
Ordinal0 [0x00C14C05+1854469]
BaseThreadInitThunk [0x77140419+25]
RtlGetAppContainerNamedObjectPath [0x77CB662D+237]
RtlGetAppContainerNamedObjectPath [0x77CB65FD+189]

at sun.reflect.NativeConstructorAccessorImpl.newInstance0(Native Method)
at sun.reflect.NativeConstructorAccessorImpl.newInstance(Unknown Source)
at sun.reflect.DelegatingConstructorAccessorImpl.newInstance(Unknown Source)
at java.lang.reflect.Constructor.newInstance(Unknown Source)
at org.openqa.selenium.remote.W3CHandshakeResponse.lambda$new$0(W3CHandshakeResponse.java:57)
at org.openqa.selenium.remote.W3CHandshakeResponse.lambda$getResponseFunction$2(W3CHandshakeResponse.java:104)
at org.openqa.selenium.remote.ProtocolHandshake.lambda$createSession$22(ProtocolHandshake.java:365)
at java.util.stream.ReferencePipeline$3$1.accept(Unknown Source)
at java.util.Spliterators$ArraySpliterator.tryAdvance(Unknown Source)
at java.util.stream.ReferencePipeline.forEachWithCancel(Unknown Source)
at java.util.stream.AbstractPipeline.copyIntoWithCancel(Unknown Source)
at java.util.stream.AbstractPipeline.copyInto(Unknown Source)
at java.util.stream.AbstractPipeline.wrapAndCopyInto(Unknown Source)
at java.util.stream.FindOps$FindOp.evaluateSequential(Unknown Source)
at java.util.stream.AbstractPipeline.evaluate(Unknown Source)
at java.util.stream.ReferencePipeline.findFirst(Unknown Source)
at org.openqa.selenium.remote.ProtocolHandshake.createSession(ProtocolHandshake.java:368)
at org.openqa.selenium.remote.ProtocolHandshake.createSession(ProtocolHandshake.java:159)
at org.openqa.selenium.remote.HttpCommandExecutor.execute(HttpCommandExecutor.java:142)
at org.openqa.selenium.remote.service.DriverCommandExecutor.execute(DriverCommandExecutor.java:82)
at org.openqa.selenium.remote.RemoteWebDriver.execute(RemoteWebDriver.java:637)
at org.openqa.selenium.remote.RemoteWebDriver.startSession(RemoteWebDriver.java:250)
at org.openqa.selenium.remote.RemoteWebDriver.startSession(RemoteWebDriver.java:236)
at org.openqa.selenium.remote.RemoteWebDriver.<init>(RemoteWebDriver.java:137)
at org.openqa.selenium.chrome.ChromeDriver.<init>(ChromeDriver.java:184)
at org.openqa.selenium.chrome.ChromeDriver.<init>(ChromeDriver.java:171)
at org.openqa.selenium.chrome.ChromeDriver.<init>(ChromeDriver.java:124)
at Test3.Test004.tec2(Test004.java:9)
at Test3.NewTest.g(NewTest.java:14)
at sun.reflect.NativeMethodAccessorImpl.invoke0(Native Method)
at sun.reflect.NativeMethodAccessorImpl.invoke(Unknown Source)
at sun.reflect.DelegatingMethodAccessorImpl.invoke(Unknown Source)
at java.lang.reflect.Method.invoke(Unknown Source)
at org.testng.internal.MethodInvocationHelper.invokeMethod(MethodInvocationHelper.java:133)
at org.testng.internal.TestInvoker.invokeMethod(TestInvoker.java:584)
at org.testng.internal.TestInvoker.invokeTestMethod(TestInvoker.java:172)
at org.testng.internal.MethodRunner.runInSequence(MethodRunner.java:46)
at org.testng.internal.TestInvoker$MethodInvocationAgent.invoke(TestInvoker.java:804)
at org.testng.internal.TestInvoker.invokeTestMethods(TestInvoker.java:145)
at org.testng.internal.TestMethodWorker.invokeTestMethods(TestMethodWorker.java:146)
at org.testng.internal.TestMethodWorker.run(TestMethodWorker.java:128)
at java.util.ArrayList.forEach(Unknown Source)
at org.testng.TestRunner.privateRun(TestRunner.java:770)
at org.testng.TestRunner.run(TestRunner.java:591)
at org.testng.SuiteRunner.runTest(SuiteRunner.java:402)
at org.testng.SuiteRunner.runSequentially(SuiteRunner.java:396)
at org.testng.SuiteRunner.privateRun(SuiteRunner.java:355)
at org.testng.SuiteRunner.run(SuiteRunner.java:304)
at org.testng.SuiteRunnerWorker.runSuite(SuiteRunnerWorker.java:53)
at org.testng.SuiteRunnerWorker.run(SuiteRunnerWorker.java:96)
at org.testng.TestNG.runSuitesSequentially(TestNG.java:1180)
at org.testng.TestNG.runSuitesLocally(TestNG.java:1102)
at org.testng.TestNG.runSuites(TestNG.java:1032)
at org.testng.TestNG.run(TestNG.java:1000)
at org.testng.remote.AbstractRemoteTestNG.run(AbstractRemoteTestNG.java:115)
at org.testng.remote.RemoteTestNG.initAndRun(RemoteTestNG.java:251)
at org.testng.remote.RemoteTestNG.main(RemoteTestNG.java:77)
]]>
    </failure>
  </testcase> <!-- g -->
</testsuite> <!-- Default test -->
